Info: *******************************************************************
Info: Running Quartus Prime Analysis & Synthesis
    Info: Version 20.1.0 Build 711 06/05/2020 SJ Standard Edition
    Info: Copyright (C) 2020  Intel Corporation. All rights reserved.
    Info: Your use of Intel Corporation's design tools, logic functions 
    Info: and other software and tools, and any partner logic 
    Info: functions, and any output files from any of the foregoing 
    Info: (including device programming or simulation files), and any 
    Info: associated documentation or information are expressly subject 
    Info: to the terms and conditions of the Intel Program License 
    Info: Subscription Agreement, the Intel Quartus Prime License Agreement,
    Info: the Intel FPGA IP License Agreement, or other applicable license
    Info: agreement, including, without limitation, that your use is for
    Info: the sole purpose of programming logic devices manufactured by
    Info: Intel and sold by Intel or its authorized distributors.  Please
    Info: refer to the applicable agreement for further details, at
    Info: https://fpgasoftware.intel.com/eula.
    Info: Processing started: Thu Apr 29 02:14:59 2021
Info: Command: quartus_map --read_settings_files=on --write_settings_files=off toolflow -c toolflow
Info (125068): Revision "toolflow" was previously opened in Quartus II software version 18.0.0 Standard Edition. Created Quartus Prime Default Settings File C:/Users/sszabo/Downloads/cpre381-toolflow-configSupport/internal/QuartusWork/toolflow_assignment_defaults.qdf, which contains the default assignment setting information from Quartus II software version 18.0.0 Standard Edition.
Info (125069): Default assignment values were changed in the current version of the Quartus Prime software -- changes to default assignments values are contained in file c:/intelfpga/20.1/quartus/bin64/assignment_defaults.qdf
Warning (18236): Number of processors has not been specified which may cause overloading on shared machines.  Set the global assignment NUM_PARALLEL_PROCESSORS in your QSF to an appropriate value for best performance.
Info (20030): Parallel compilation is enabled and will use 4 of the 4 processors detected
Info (12021): Found 2 design units, including 1 entities, in source file /users/sszabo/downloads/cpre381-toolflow-configsupport/src/alucustom.vhd
    Info (12022): Found design unit 1: ALUCustom-mixed File: C:/Users/sszabo/Downloads/cpre381-toolflow-configSupport/src/ALUCustom.vhd Line: 38
    Info (12023): Found entity 1: ALUCustom File: C:/Users/sszabo/Downloads/cpre381-toolflow-configSupport/src/ALUCustom.vhd Line: 22
Info (12021): Found 2 design units, including 1 entities, in source file /users/sszabo/downloads/cpre381-toolflow-configsupport/src/mips_processor.vhd
    Info (12022): Found design unit 1: MIPS_Processor-structure File: C:/Users/sszabo/Downloads/cpre381-toolflow-configSupport/src/MIPS_Processor.vhd Line: 36
    Info (12023): Found entity 1: MIPS_Processor File: C:/Users/sszabo/Downloads/cpre381-toolflow-configSupport/src/MIPS_Processor.vhd Line: 22
Info (12021): Found 2 design units, including 1 entities, in source file /users/sszabo/downloads/cpre381-toolflow-configsupport/src/adderripple_n.vhd
    Info (12022): Found design unit 1: adderRipple_N-structural File: C:/Users/sszabo/Downloads/cpre381-toolflow-configSupport/src/adderRipple_N.vhd Line: 35
    Info (12023): Found entity 1: adderRipple_N File: C:/Users/sszabo/Downloads/cpre381-toolflow-configSupport/src/adderRipple_N.vhd Line: 21
Info (12021): Found 2 design units, including 1 entities, in source file /users/sszabo/downloads/cpre381-toolflow-configsupport/src/andg2.vhd
    Info (12022): Found design unit 1: andg2-dataflow File: C:/Users/sszabo/Downloads/cpre381-toolflow-configSupport/src/andg2.vhd Line: 31
    Info (12023): Found entity 1: andg2 File: C:/Users/sszabo/Downloads/cpre381-toolflow-configSupport/src/andg2.vhd Line: 23
Info (12021): Found 2 design units, including 1 entities, in source file /users/sszabo/downloads/cpre381-toolflow-configsupport/src/barrel_shift.vhd
    Info (12022): Found design unit 1: barrel_shift-structural File: C:/Users/sszabo/Downloads/cpre381-toolflow-configSupport/src/barrel_shift.vhd Line: 30
    Info (12023): Found entity 1: barrel_shift File: C:/Users/sszabo/Downloads/cpre381-toolflow-configSupport/src/barrel_shift.vhd Line: 21
Info (12021): Found 2 design units, including 1 entities, in source file /users/sszabo/downloads/cpre381-toolflow-configsupport/src/control_unit.vhd
    Info (12022): Found design unit 1: control_unit-custom File: C:/Users/sszabo/Downloads/cpre381-toolflow-configSupport/src/control_unit.vhd Line: 38
    Info (12023): Found entity 1: control_unit File: C:/Users/sszabo/Downloads/cpre381-toolflow-configSupport/src/control_unit.vhd Line: 18
Info (12021): Found 1 design units, including 0 entities, in source file /users/sszabo/downloads/cpre381-toolflow-configsupport/src/custom_type_pkg.vhd
    Info (12022): Found design unit 1: custom_type_pkg File: C:/Users/sszabo/Downloads/cpre381-toolflow-configSupport/src/custom_type_pkg.vhd Line: 18
Info (12021): Found 2 design units, including 1 entities, in source file /users/sszabo/downloads/cpre381-toolflow-configsupport/src/decoder5t32_en.vhd
    Info (12022): Found design unit 1: decoder5t32_En-custom File: C:/Users/sszabo/Downloads/cpre381-toolflow-configSupport/src/decoder5t32_En.vhd Line: 26
    Info (12023): Found entity 1: decoder5t32_En File: C:/Users/sszabo/Downloads/cpre381-toolflow-configSupport/src/decoder5t32_En.vhd Line: 18
Info (12021): Found 2 design units, including 1 entities, in source file /users/sszabo/downloads/cpre381-toolflow-configsupport/src/dffg.vhd
    Info (12022): Found design unit 1: dffg-mixed File: C:/Users/sszabo/Downloads/cpre381-toolflow-configSupport/src/dffg.vhd Line: 33
    Info (12023): Found entity 1: dffg File: C:/Users/sszabo/Downloads/cpre381-toolflow-configSupport/src/dffg.vhd Line: 23
Info (12021): Found 2 design units, including 1 entities, in source file /users/sszabo/downloads/cpre381-toolflow-configsupport/src/dffg_nbit.vhd
    Info (12022): Found design unit 1: dffg_Nbit-structural File: C:/Users/sszabo/Downloads/cpre381-toolflow-configSupport/src/dffg_Nbit.vhd Line: 30
    Info (12023): Found entity 1: dffg_Nbit File: C:/Users/sszabo/Downloads/cpre381-toolflow-configSupport/src/dffg_Nbit.vhd Line: 19
Info (12021): Found 2 design units, including 1 entities, in source file /users/sszabo/downloads/cpre381-toolflow-configsupport/src/ext16t32.vhd
    Info (12022): Found design unit 1: ext16t32-custom File: C:/Users/sszabo/Downloads/cpre381-toolflow-configSupport/src/ext16t32.vhd Line: 34
    Info (12023): Found entity 1: ext16t32 File: C:/Users/sszabo/Downloads/cpre381-toolflow-configSupport/src/ext16t32.vhd Line: 23
Info (12021): Found 2 design units, including 1 entities, in source file /users/sszabo/downloads/cpre381-toolflow-configsupport/src/fulladder.vhd
    Info (12022): Found design unit 1: fullAdder-structural File: C:/Users/sszabo/Downloads/cpre381-toolflow-configSupport/src/fullAdder.vhd Line: 30
    Info (12023): Found entity 1: fullAdder File: C:/Users/sszabo/Downloads/cpre381-toolflow-configSupport/src/fullAdder.vhd Line: 21
Info (12021): Found 2 design units, including 1 entities, in source file /users/sszabo/downloads/cpre381-toolflow-configsupport/src/invg.vhd
    Info (12022): Found design unit 1: invg-dataflow File: C:/Users/sszabo/Downloads/cpre381-toolflow-configSupport/src/invg.vhd Line: 30
    Info (12023): Found entity 1: invg File: C:/Users/sszabo/Downloads/cpre381-toolflow-configSupport/src/invg.vhd Line: 23
Info (12021): Found 2 design units, including 1 entities, in source file /users/sszabo/downloads/cpre381-toolflow-configsupport/src/mem.vhd
    Info (12022): Found design unit 1: mem-rtl File: C:/Users/sszabo/Downloads/cpre381-toolflow-configSupport/src/mem.vhd Line: 27
    Info (12023): Found entity 1: mem File: C:/Users/sszabo/Downloads/cpre381-toolflow-configSupport/src/mem.vhd Line: 8
Info (12021): Found 2 design units, including 1 entities, in source file /users/sszabo/downloads/cpre381-toolflow-configsupport/src/mux2t1_n.vhd
    Info (12022): Found design unit 1: mux2t1_N-structural File: C:/Users/sszabo/Downloads/cpre381-toolflow-configSupport/src/mux2t1_N.vhd Line: 29
    Info (12023): Found entity 1: mux2t1_N File: C:/Users/sszabo/Downloads/cpre381-toolflow-configSupport/src/mux2t1_N.vhd Line: 20
Info (12021): Found 2 design units, including 1 entities, in source file /users/sszabo/downloads/cpre381-toolflow-configsupport/src/mux2t1_df.vhd
    Info (12022): Found design unit 1: mux2t1_df-dataflow File: C:/Users/sszabo/Downloads/cpre381-toolflow-configSupport/src/mux2t1_df.vhd Line: 32
    Info (12023): Found entity 1: mux2t1_df File: C:/Users/sszabo/Downloads/cpre381-toolflow-configSupport/src/mux2t1_df.vhd Line: 22
Info (12021): Found 2 design units, including 1 entities, in source file /users/sszabo/downloads/cpre381-toolflow-configsupport/src/mux32t1_32bit.vhd
    Info (12022): Found design unit 1: mux32t1_32bit-custom File: C:/Users/sszabo/Downloads/cpre381-toolflow-configSupport/src/mux32t1_32bit.vhd Line: 29
    Info (12023): Found entity 1: mux32t1_32bit File: C:/Users/sszabo/Downloads/cpre381-toolflow-configSupport/src/mux32t1_32bit.vhd Line: 21
Info (12021): Found 2 design units, including 1 entities, in source file /users/sszabo/downloads/cpre381-toolflow-configsupport/src/onescomp_n.vhd
    Info (12022): Found design unit 1: onesComp_N-structural File: C:/Users/sszabo/Downloads/cpre381-toolflow-configSupport/src/onesComp_N.vhd Line: 29
    Info (12023): Found entity 1: onesComp_N File: C:/Users/sszabo/Downloads/cpre381-toolflow-configSupport/src/onesComp_N.vhd Line: 22
Info (12021): Found 2 design units, including 1 entities, in source file /users/sszabo/downloads/cpre381-toolflow-configsupport/src/org2.vhd
    Info (12022): Found design unit 1: org2-dataflow File: C:/Users/sszabo/Downloads/cpre381-toolflow-configSupport/src/org2.vhd Line: 31
    Info (12023): Found entity 1: org2 File: C:/Users/sszabo/Downloads/cpre381-toolflow-configSupport/src/org2.vhd Line: 23
Info (12021): Found 2 design units, including 1 entities, in source file /users/sszabo/downloads/cpre381-toolflow-configsupport/src/reg_ex_mem.vhd
    Info (12022): Found design unit 1: reg_EX_MEM-custom File: C:/Users/sszabo/Downloads/cpre381-toolflow-configSupport/src/reg_EX_MEM.vhd Line: 37
    Info (12023): Found entity 1: reg_EX_MEM File: C:/Users/sszabo/Downloads/cpre381-toolflow-configSupport/src/reg_EX_MEM.vhd Line: 12
Info (12021): Found 2 design units, including 1 entities, in source file /users/sszabo/downloads/cpre381-toolflow-configsupport/src/reg_id_ex.vhd
    Info (12022): Found design unit 1: reg_ID_EX-custom File: C:/Users/sszabo/Downloads/cpre381-toolflow-configSupport/src/reg_ID_EX.vhd Line: 59
    Info (12023): Found entity 1: reg_ID_EX File: C:/Users/sszabo/Downloads/cpre381-toolflow-configSupport/src/reg_ID_EX.vhd Line: 19
Info (12021): Found 2 design units, including 1 entities, in source file /users/sszabo/downloads/cpre381-toolflow-configsupport/src/reg_if_id.vhd
    Info (12022): Found design unit 1: reg_IF_ID-description File: C:/Users/sszabo/Downloads/cpre381-toolflow-configSupport/src/reg_IF_ID.vhd Line: 17
    Info (12023): Found entity 1: reg_IF_ID File: C:/Users/sszabo/Downloads/cpre381-toolflow-configSupport/src/reg_IF_ID.vhd Line: 5
Info (12021): Found 2 design units, including 1 entities, in source file /users/sszabo/downloads/cpre381-toolflow-configsupport/src/reg_mem_wb.vhd
    Info (12022): Found design unit 1: reg_MEM_WB-custom File: C:/Users/sszabo/Downloads/cpre381-toolflow-configSupport/src/reg_MEM_WB.vhd Line: 36
    Info (12023): Found entity 1: reg_MEM_WB File: C:/Users/sszabo/Downloads/cpre381-toolflow-configSupport/src/reg_MEM_WB.vhd Line: 12
Info (12021): Found 2 design units, including 1 entities, in source file /users/sszabo/downloads/cpre381-toolflow-configsupport/src/reg_file.vhd
    Info (12022): Found design unit 1: reg_file-custom File: C:/Users/sszabo/Downloads/cpre381-toolflow-configSupport/src/reg_file.vhd Line: 38
    Info (12023): Found entity 1: reg_file File: C:/Users/sszabo/Downloads/cpre381-toolflow-configSupport/src/reg_file.vhd Line: 23
Info (12021): Found 2 design units, including 1 entities, in source file /users/sszabo/downloads/cpre381-toolflow-configsupport/src/xorg2.vhd
    Info (12022): Found design unit 1: xorg2-dataflow File: C:/Users/sszabo/Downloads/cpre381-toolflow-configSupport/src/xorg2.vhd Line: 31
    Info (12023): Found entity 1: xorg2 File: C:/Users/sszabo/Downloads/cpre381-toolflow-configSupport/src/xorg2.vhd Line: 23
Info (12127): Elaborating entity "MIPS_Processor" for the top level hierarchy
Warning (10036): Verilog HDL or VHDL warning at MIPS_Processor.vhd(79): object "s_Halt" assigned a value but never read File: C:/Users/sszabo/Downloads/cpre381-toolflow-configSupport/src/MIPS_Processor.vhd Line: 79
Warning (10036): Verilog HDL or VHDL warning at MIPS_Processor.vhd(82): object "s_Ovfl" assigned a value but never read File: C:/Users/sszabo/Downloads/cpre381-toolflow-configSupport/src/MIPS_Processor.vhd Line: 82
Warning (10036): Verilog HDL or VHDL warning at MIPS_Processor.vhd(147): object "s_Cout" assigned a value but never read File: C:/Users/sszabo/Downloads/cpre381-toolflow-configSupport/src/MIPS_Processor.vhd Line: 147
Info (12128): Elaborating entity "mem" for hierarchy "mem:IMem" File: C:/Users/sszabo/Downloads/cpre381-toolflow-configSupport/src/MIPS_Processor.vhd Line: 330
Info (12128): Elaborating entity "reg_IF_ID" for hierarchy "reg_IF_ID:IF_ID_reg" File: C:/Users/sszabo/Downloads/cpre381-toolflow-configSupport/src/MIPS_Processor.vhd Line: 372
Info (12128): Elaborating entity "control_unit" for hierarchy "control_unit:ControlUnit" File: C:/Users/sszabo/Downloads/cpre381-toolflow-configSupport/src/MIPS_Processor.vhd Line: 388
Info (12128): Elaborating entity "reg_file" for hierarchy "reg_file:RegFile" File: C:/Users/sszabo/Downloads/cpre381-toolflow-configSupport/src/MIPS_Processor.vhd Line: 406
Info (12128): Elaborating entity "decoder5t32_En" for hierarchy "reg_file:RegFile|decoder5t32_En:g_Decoder" File: C:/Users/sszabo/Downloads/cpre381-toolflow-configSupport/src/reg_file.vhd Line: 75
Info (12128): Elaborating entity "dffg_Nbit" for hierarchy "reg_file:RegFile|dffg_Nbit:DFFG_NBIT_0" File: C:/Users/sszabo/Downloads/cpre381-toolflow-configSupport/src/reg_file.vhd Line: 83
Info (12128): Elaborating entity "dffg" for hierarchy "reg_file:RegFile|dffg_Nbit:DFFG_NBIT_0|dffg:\G_NBit_DFF:0:DFFGI" File: C:/Users/sszabo/Downloads/cpre381-toolflow-configSupport/src/dffg_Nbit.vhd Line: 46
Info (12128): Elaborating entity "mux32t1_32bit" for hierarchy "reg_file:RegFile|mux32t1_32bit:g_Mux0" File: C:/Users/sszabo/Downloads/cpre381-toolflow-configSupport/src/reg_file.vhd Line: 102
Info (12128): Elaborating entity "ext16t32" for hierarchy "ext16t32:Extender16t32" File: C:/Users/sszabo/Downloads/cpre381-toolflow-configSupport/src/MIPS_Processor.vhd Line: 422
Info (12128): Elaborating entity "reg_ID_EX" for hierarchy "reg_ID_EX:ID_EX_reg" File: C:/Users/sszabo/Downloads/cpre381-toolflow-configSupport/src/MIPS_Processor.vhd Line: 437
Info (12128): Elaborating entity "ALUCustom" for hierarchy "ALUCustom:ALUUnit" File: C:/Users/sszabo/Downloads/cpre381-toolflow-configSupport/src/MIPS_Processor.vhd Line: 484
Info (12128): Elaborating entity "barrel_shift" for hierarchy "ALUCustom:ALUUnit|barrel_shift:g_shifter" File: C:/Users/sszabo/Downloads/cpre381-toolflow-configSupport/src/ALUCustom.vhd Line: 57
Warning (10540): VHDL Signal Declaration warning at barrel_shift.vhd(37): used explicit default value for signal "unsignedVal" because signal was never assigned a value File: C:/Users/sszabo/Downloads/cpre381-toolflow-configSupport/src/barrel_shift.vhd Line: 37
Info (12128): Elaborating entity "mux2t1_N" for hierarchy "ALUCustom:ALUUnit|barrel_shift:g_shifter|mux2t1_N:shiftleftorRight" File: C:/Users/sszabo/Downloads/cpre381-toolflow-configSupport/src/barrel_shift.vhd Line: 68
Info (12128): Elaborating entity "mux2t1_df" for hierarchy "ALUCustom:ALUUnit|barrel_shift:g_shifter|mux2t1_N:shiftleftorRight|mux2t1_df:\G_NBit_MUX:0:MUXI" File: C:/Users/sszabo/Downloads/cpre381-toolflow-configSupport/src/mux2t1_N.vhd Line: 41
Info (12128): Elaborating entity "reg_EX_MEM" for hierarchy "reg_EX_MEM:EX_MEM_reg" File: C:/Users/sszabo/Downloads/cpre381-toolflow-configSupport/src/MIPS_Processor.vhd Line: 500
Info (12128): Elaborating entity "reg_MEM_WB" for hierarchy "reg_MEM_WB:MEM_WB_reg" File: C:/Users/sszabo/Downloads/cpre381-toolflow-configSupport/src/MIPS_Processor.vhd Line: 526
Info (19000): Inferred 3 megafunctions from design logic
    Info (276029): Inferred altsyncram megafunction from the following design logic: "mem:IMem|ram_rtl_0" 
        Info (286033): Parameter OPERATION_MODE set to SINGLE_PORT
        Info (286033): Parameter WIDTH_A set to 32
        Info (286033): Parameter WIDTHAD_A set to 10
        Info (286033): Parameter NUMWORDS_A set to 1024
        Info (286033): Parameter OUTDATA_REG_A set to UNREGISTERED
        Info (286033): Parameter ADDRESS_ACLR_A set to NONE
        Info (286033): Parameter OUTDATA_ACLR_A set to NONE
        Info (286033): Parameter READ_DURING_WRITE_MODE_PORT_A set to OLD_DATA
        Info (286033): Parameter INDATA_ACLR_A set to NONE
        Info (286033): Parameter WRCONTROL_ACLR_A set to NONE
    Info (276029): Inferred altsyncram megafunction from the following design logic: "mem:DMem|ram_rtl_0" 
        Info (286033): Parameter OPERATION_MODE set to SINGLE_PORT
        Info (286033): Parameter WIDTH_A set to 32
        Info (286033): Parameter WIDTHAD_A set to 10
        Info (286033): Parameter NUMWORDS_A set to 1024
        Info (286033): Parameter OUTDATA_REG_A set to UNREGISTERED
        Info (286033): Parameter ADDRESS_ACLR_A set to NONE
        Info (286033): Parameter OUTDATA_ACLR_A set to NONE
        Info (286033): Parameter READ_DURING_WRITE_MODE_PORT_A set to OLD_DATA
        Info (286033): Parameter INDATA_ACLR_A set to NONE
        Info (286033): Parameter WRCONTROL_ACLR_A set to NONE
    Info (276034): Inferred altshift_taps megafunction from the following design logic: "reg_ID_EX:ID_EX_reg|o_MemToReg_rtl_0"
        Info (286033): Parameter NUMBER_OF_TAPS set to 1
        Info (286033): Parameter TAP_DISTANCE set to 3
        Info (286033): Parameter WIDTH set to 35
Info (12130): Elaborated megafunction instantiation "mem:IMem|altsyncram:ram_rtl_0"
Info (12133): Instantiated megafunction "mem:IMem|altsyncram:ram_rtl_0" with the following parameter:
    Info (12134): Parameter "OPERATION_MODE" = "SINGLE_PORT"
    Info (12134): Parameter "WIDTH_A" = "32"
    Info (12134): Parameter "WIDTHAD_A" = "10"
    Info (12134): Parameter "NUMWORDS_A" = "1024"
    Info (12134): Parameter "OUTDATA_REG_A" = "UNREGISTERED"
    Info (12134): Parameter "ADDRESS_ACLR_A" = "NONE"
    Info (12134): Parameter "OUTDATA_ACLR_A" = "NONE"
    Info (12134): Parameter "READ_DURING_WRITE_MODE_PORT_A" = "OLD_DATA"
    Info (12134): Parameter "INDATA_ACLR_A" = "NONE"
    Info (12134): Parameter "WRCONTROL_ACLR_A" = "NONE"
Info (12021): Found 1 design units, including 1 entities, in source file db/altsyncram_eg81.tdf
    Info (12023): Found entity 1: altsyncram_eg81 File: C:/Users/sszabo/Downloads/cpre381-toolflow-configSupport/internal/QuartusWork/db/altsyncram_eg81.tdf Line: 28
Info (12130): Elaborated megafunction instantiation "reg_ID_EX:ID_EX_reg|altshift_taps:o_MemToReg_rtl_0"
Info (12133): Instantiated megafunction "reg_ID_EX:ID_EX_reg|altshift_taps:o_MemToReg_rtl_0" with the following parameter:
    Info (12134): Parameter "NUMBER_OF_TAPS" = "1"
    Info (12134): Parameter "TAP_DISTANCE" = "3"
    Info (12134): Parameter "WIDTH" = "35"
Info (12021): Found 1 design units, including 1 entities, in source file db/shift_taps_fkm.tdf
    Info (12023): Found entity 1: shift_taps_fkm File: C:/Users/sszabo/Downloads/cpre381-toolflow-configSupport/internal/QuartusWork/db/shift_taps_fkm.tdf Line: 31
Info (12021): Found 1 design units, including 1 entities, in source file db/altsyncram_3961.tdf
    Info (12023): Found entity 1: altsyncram_3961 File: C:/Users/sszabo/Downloads/cpre381-toolflow-configSupport/internal/QuartusWork/db/altsyncram_3961.tdf Line: 28
Info (12021): Found 1 design units, including 1 entities, in source file db/add_sub_24e.tdf
    Info (12023): Found entity 1: add_sub_24e File: C:/Users/sszabo/Downloads/cpre381-toolflow-configSupport/internal/QuartusWork/db/add_sub_24e.tdf Line: 23
Info (12021): Found 1 design units, including 1 entities, in source file db/cntr_6pf.tdf
    Info (12023): Found entity 1: cntr_6pf File: C:/Users/sszabo/Downloads/cpre381-toolflow-configSupport/internal/QuartusWork/db/cntr_6pf.tdf Line: 25
Info (12021): Found 1 design units, including 1 entities, in source file db/cmpr_ogc.tdf
    Info (12023): Found entity 1: cmpr_ogc File: C:/Users/sszabo/Downloads/cpre381-toolflow-configSupport/internal/QuartusWork/db/cmpr_ogc.tdf Line: 23
Info (12021): Found 1 design units, including 1 entities, in source file db/cntr_p8h.tdf
    Info (12023): Found entity 1: cntr_p8h File: C:/Users/sszabo/Downloads/cpre381-toolflow-configSupport/internal/QuartusWork/db/cntr_p8h.tdf Line: 26
Info (13000): Registers with preset signals will power-up high File: C:/Users/sszabo/Downloads/cpre381-toolflow-configSupport/internal/QuartusWork/db/shift_taps_fkm.tdf Line: 42
Info (13003): DEV_CLRn pin will set, and not reset, register with preset signal due to NOT Gate Push-Back
Info (286030): Timing-Driven Synthesis is running
Info (16010): Generating hard_block partition "hard_block:auto_generated_inst"
    Info (16011): Adding 0 node(s), including 0 DDIO, 0 PLL, 0 transceiver and 0 LCELL
Warning (21074): Design contains 22 input pin(s) that do not drive logic
    Warning (15610): No output dependent on input pin "iInstAddr[0]" File: C:/Users/sszabo/Downloads/cpre381-toolflow-configSupport/src/MIPS_Processor.vhd Line: 28
    Warning (15610): No output dependent on input pin "iInstAddr[1]" File: C:/Users/sszabo/Downloads/cpre381-toolflow-configSupport/src/MIPS_Processor.vhd Line: 28
    Warning (15610): No output dependent on input pin "iInstAddr[12]" File: C:/Users/sszabo/Downloads/cpre381-toolflow-configSupport/src/MIPS_Processor.vhd Line: 28
    Warning (15610): No output dependent on input pin "iInstAddr[13]" File: C:/Users/sszabo/Downloads/cpre381-toolflow-configSupport/src/MIPS_Processor.vhd Line: 28
    Warning (15610): No output dependent on input pin "iInstAddr[14]" File: C:/Users/sszabo/Downloads/cpre381-toolflow-configSupport/src/MIPS_Processor.vhd Line: 28
    Warning (15610): No output dependent on input pin "iInstAddr[15]" File: C:/Users/sszabo/Downloads/cpre381-toolflow-configSupport/src/MIPS_Processor.vhd Line: 28
    Warning (15610): No output dependent on input pin "iInstAddr[16]" File: C:/Users/sszabo/Downloads/cpre381-toolflow-configSupport/src/MIPS_Processor.vhd Line: 28
    Warning (15610): No output dependent on input pin "iInstAddr[17]" File: C:/Users/sszabo/Downloads/cpre381-toolflow-configSupport/src/MIPS_Processor.vhd Line: 28
    Warning (15610): No output dependent on input pin "iInstAddr[18]" File: C:/Users/sszabo/Downloads/cpre381-toolflow-configSupport/src/MIPS_Processor.vhd Line: 28
    Warning (15610): No output dependent on input pin "iInstAddr[19]" File: C:/Users/sszabo/Downloads/cpre381-toolflow-configSupport/src/MIPS_Processor.vhd Line: 28
    Warning (15610): No output dependent on input pin "iInstAddr[20]" File: C:/Users/sszabo/Downloads/cpre381-toolflow-configSupport/src/MIPS_Processor.vhd Line: 28
    Warning (15610): No output dependent on input pin "iInstAddr[21]" File: C:/Users/sszabo/Downloads/cpre381-toolflow-configSupport/src/MIPS_Processor.vhd Line: 28
    Warning (15610): No output dependent on input pin "iInstAddr[22]" File: C:/Users/sszabo/Downloads/cpre381-toolflow-configSupport/src/MIPS_Processor.vhd Line: 28
    Warning (15610): No output dependent on input pin "iInstAddr[23]" File: C:/Users/sszabo/Downloads/cpre381-toolflow-configSupport/src/MIPS_Processor.vhd Line: 28
    Warning (15610): No output dependent on input pin "iInstAddr[24]" File: C:/Users/sszabo/Downloads/cpre381-toolflow-configSupport/src/MIPS_Processor.vhd Line: 28
    Warning (15610): No output dependent on input pin "iInstAddr[25]" File: C:/Users/sszabo/Downloads/cpre381-toolflow-configSupport/src/MIPS_Processor.vhd Line: 28
    Warning (15610): No output dependent on input pin "iInstAddr[26]" File: C:/Users/sszabo/Downloads/cpre381-toolflow-configSupport/src/MIPS_Processor.vhd Line: 28
    Warning (15610): No output dependent on input pin "iInstAddr[27]" File: C:/Users/sszabo/Downloads/cpre381-toolflow-configSupport/src/MIPS_Processor.vhd Line: 28
    Warning (15610): No output dependent on input pin "iInstAddr[28]" File: C:/Users/sszabo/Downloads/cpre381-toolflow-configSupport/src/MIPS_Processor.vhd Line: 28
    Warning (15610): No output dependent on input pin "iInstAddr[29]" File: C:/Users/sszabo/Downloads/cpre381-toolflow-configSupport/src/MIPS_Processor.vhd Line: 28
    Warning (15610): No output dependent on input pin "iInstAddr[30]" File: C:/Users/sszabo/Downloads/cpre381-toolflow-configSupport/src/MIPS_Processor.vhd Line: 28
    Warning (15610): No output dependent on input pin "iInstAddr[31]" File: C:/Users/sszabo/Downloads/cpre381-toolflow-configSupport/src/MIPS_Processor.vhd Line: 28
Info (21057): Implemented 3656 device resources after synthesis - the final resource count might be different
    Info (21058): Implemented 67 input pins
    Info (21059): Implemented 32 output pins
    Info (21061): Implemented 3458 logic cells
    Info (21064): Implemented 99 RAM segments
Info: Quartus Prime Analysis & Synthesis was successful. 0 errors, 28 warnings
    Info: Peak virtual memory: 4851 megabytes
    Info: Processing ended: Thu Apr 29 02:15:22 2021
    Info: Elapsed time: 00:00:23
    Info: Total CPU time (on all processors): 00:00:09
Info (125069): Default assignment values were changed in the current version of the Quartus Prime software -- changes to default assignments values are contained in file c:/intelfpga/20.1/quartus/bin64/assignment_defaults.qdf
Info: *******************************************************************
Info: Running Quartus Prime Fitter
    Info: Version 20.1.0 Build 711 06/05/2020 SJ Standard Edition
    Info: Copyright (C) 2020  Intel Corporation. All rights reserved.
    Info: Your use of Intel Corporation's design tools, logic functions 
    Info: and other software and tools, and any partner logic 
    Info: functions, and any output files from any of the foregoing 
    Info: (including device programming or simulation files), and any 
    Info: associated documentation or information are expressly subject 
    Info: to the terms and conditions of the Intel Program License 
    Info: Subscription Agreement, the Intel Quartus Prime License Agreement,
    Info: the Intel FPGA IP License Agreement, or other applicable license
    Info: agreement, including, without limitation, that your use is for
    Info: the sole purpose of programming logic devices manufactured by
    Info: Intel and sold by Intel or its authorized distributors.  Please
    Info: refer to the applicable agreement for further details, at
    Info: https://fpgasoftware.intel.com/eula.
    Info: Processing started: Thu Apr 29 02:15:22 2021
Info: Command: quartus_fit --read_settings_files=on --write_settings_files=off toolflow -c toolflow
Info: qfit2_default_script.tcl version: #1
Info: Project  = toolflow
Info: Revision = toolflow
Warning (18236): Number of processors has not been specified which may cause overloading on shared machines.  Set the global assignment NUM_PARALLEL_PROCESSORS in your QSF to an appropriate value for best performance.
Info (20030): Parallel compilation is enabled and will use 4 of the 4 processors detected
Info (119006): Selected device EP4CE115F29C7 for design "toolflow"
Info (21076): High junction temperature operating condition is not set. Assuming a default value of '85'.
Info (21076): Low junction temperature operating condition is not set. Assuming a default value of '0'.
Info (171003): Fitter is performing an Auto Fit compilation, which may decrease Fitter effort to reduce compilation time
Info (176444): Device migration not selected. If you intend to use device migration later, you may need to change the pin assignments as they may be incompatible with other devices
    Info (176445): Device EP4CE40F29C7 is compatible
    Info (176445): Device EP4CE40F29I7 is compatible
    Info (176445): Device EP4CE30F29C7 is compatible
    Info (176445): Device EP4CE30F29I7 is compatible
    Info (176445): Device EP4CE55F29C7 is compatible
    Info (176445): Device EP4CE55F29I7 is compatible
    Info (176445): Device EP4CE75F29C7 is compatible
    Info (176445): Device EP4CE75F29I7 is compatible
    Info (176445): Device EP4CE115F29I7 is compatible
Info (169124): Fitter converted 5 user pins into dedicated programming pins
    Info (169125): Pin ~ALTERA_ASDO_DATA1~ is reserved at location F4
    Info (169125): Pin ~ALTERA_FLASH_nCE_nCSO~ is reserved at location E2
    Info (169125): Pin ~ALTERA_DCLK~ is reserved at location P3
    Info (169125): Pin ~ALTERA_DATA0~ is reserved at location N7
    Info (169125): Pin ~ALTERA_nCEO~ is reserved at location P28
Warning (15714): Some pins have incomplete I/O assignments. Refer to the I/O Assignment Warnings report for details
Info (176045): Design uses memory blocks. Violating setup or hold times of memory block address registers for either read or write operations could cause memory contents to be corrupted. Make sure that all memory block address registers meet the setup and hold time requirements.
Critical Warning (169085): No exact pin location assignment(s) for 99 pins of 99 total pins. For the list of pins please refer to the I/O Assignment Warnings table in the fitter report.
Info (332104): Reading SDC File: 'toolflow.sdc'
Info (332129): Detected timing requirements -- optimizing circuit to achieve only the specified requirements
Info (332111): Found 1 clocks
    Info (332111):   Period   Clock Name
    Info (332111): ======== ============
    Info (332111):   20.000         iCLK
Info (176353): Automatically promoted node iCLK~input (placed in PIN J1 (CLK1, DIFFCLK_0n)) File: C:/Users/sszabo/Downloads/cpre381-toolflow-configSupport/src/MIPS_Processor.vhd Line: 25
    Info (176355): Automatically promoted destinations to use location or clock signal Global Clock CLKCTRL_G2
Info (176353): Automatically promoted node iRST~input (placed in PIN Y2 (CLK2, DIFFCLK_1p)) File: C:/Users/sszabo/Downloads/cpre381-toolflow-configSupport/src/MIPS_Processor.vhd Line: 26
    Info (176355): Automatically promoted destinations to use location or clock signal Global Clock CLKCTRL_G4
    Info (176356): Following destination nodes may be non-global or may not use global or regional clocks
        Info (176357): Destination node control_unit:ControlUnit|o_ALUControl[2]~36 File: C:/Users/sszabo/Downloads/cpre381-toolflow-configSupport/src/control_unit.vhd Line: 33
        Info (176357): Destination node control_unit:ControlUnit|o_ALUControl[1]~38 File: C:/Users/sszabo/Downloads/cpre381-toolflow-configSupport/src/control_unit.vhd Line: 33
        Info (176357): Destination node control_unit:ControlUnit|o_ALUControl[0]~40 File: C:/Users/sszabo/Downloads/cpre381-toolflow-configSupport/src/control_unit.vhd Line: 33
        Info (176357): Destination node control_unit:ControlUnit|o_MemToReg~0 File: C:/Users/sszabo/Downloads/cpre381-toolflow-configSupport/src/control_unit.vhd Line: 24
        Info (176357): Destination node control_unit:ControlUnit|o_ALUControl[4]~44 File: C:/Users/sszabo/Downloads/cpre381-toolflow-configSupport/src/control_unit.vhd Line: 33
        Info (176357): Destination node ext16t32:Extender16t32|o_Val32[16]~2 File: C:/Users/sszabo/Downloads/cpre381-toolflow-configSupport/src/ext16t32.vhd Line: 28
        Info (176357): Destination node control_unit:ControlUnit|o_MemToReg~2 File: C:/Users/sszabo/Downloads/cpre381-toolflow-configSupport/src/control_unit.vhd Line: 24
        Info (176357): Destination node control_unit:ControlUnit|o_RegWr~8 File: C:/Users/sszabo/Downloads/cpre381-toolflow-configSupport/src/control_unit.vhd Line: 26
        Info (176357): Destination node control_unit:ControlUnit|o_JumpR~4 File: C:/Users/sszabo/Downloads/cpre381-toolflow-configSupport/src/control_unit.vhd Line: 31
        Info (176357): Destination node control_unit:ControlUnit|o_Jump~2 File: C:/Users/sszabo/Downloads/cpre381-toolflow-configSupport/src/control_unit.vhd Line: 29
Info (176233): Starting register packing
Info (176235): Finished register packing
    Extra Info (176219): No registers were packed into other blocks
Info (176214): Statistics of I/O pins that need to be placed that use the same VCCIO and VREF, before I/O pin placement
    Info (176211): Number of I/O pins in group: 97 (unused VREF, 2.5V VCCIO, 65 input, 32 output, 0 bidirectional)
        Info (176212): I/O standards used: 2.5 V.
Info (176215): I/O bank details before I/O pin placement
    Info (176214): Statistics of I/O banks
        Info (176213): I/O bank number 1 does not use VREF pins and has undetermined VCCIO pins. 5 total pin(s) used --  51 pins available
        Info (176213): I/O bank number 2 does not use VREF pins and has undetermined VCCIO pins. 1 total pin(s) used --  62 pins available
        Info (176213): I/O bank number 3 does not use VREF pins and has undetermined VCCIO pins. 0 total pin(s) used --  73 pins available
        Info (176213): I/O bank number 4 does not use VREF pins and has undetermined VCCIO pins. 0 total pin(s) used --  71 pins available
        Info (176213): I/O bank number 5 does not use VREF pins and has undetermined VCCIO pins. 0 total pin(s) used --  65 pins available
        Info (176213): I/O bank number 6 does not use VREF pins and has undetermined VCCIO pins. 1 total pin(s) used --  57 pins available
        Info (176213): I/O bank number 7 does not use VREF pins and has undetermined VCCIO pins. 0 total pin(s) used --  72 pins available
        Info (176213): I/O bank number 8 does not use VREF pins and has undetermined VCCIO pins. 0 total pin(s) used --  71 pins available
Info (171121): Fitter preparation operations ending: elapsed time is 00:00:03
Info (14896): Fitter has disabled Advanced Physical Optimization because it is not supported for the current family.
Info (170189): Fitter placement preparation operations beginning
Info (170190): Fitter placement preparation operations ending: elapsed time is 00:00:01
Info (170191): Fitter placement operations beginning
Info (170137): Fitter placement was successful
Info (170192): Fitter placement operations ending: elapsed time is 00:00:09
Info (170193): Fitter routing operations beginning
Info (170195): Router estimated average interconnect usage is 0% of the available device resources
    Info (170196): Router estimated peak interconnect usage is 21% of the available device resources in the region that extends from location X46_Y49 to location X57_Y60
Info (170199): The Fitter performed an Auto Fit compilation.  Optimizations were skipped to reduce compilation time.
    Info (170201): Optimizations that may affect the design's routability were skipped
    Info (170200): Optimizations that may affect the design's timing were skipped
Info (170194): Fitter routing operations ending: elapsed time is 00:00:08
Info (11888): Total time spent on timing analysis during the Fitter is 1.59 seconds.
Info (334003): Started post-fitting delay annotation
Info (334004): Delay annotation completed successfully
Info (334003): Started post-fitting delay annotation
Info (334004): Delay annotation completed successfully
Info (11218): Fitter post-fit operations ending: elapsed time is 00:00:01
Info (144001): Generated suppressed messages file C:/Users/sszabo/Downloads/cpre381-toolflow-configSupport/internal/QuartusWork/output_files/toolflow.fit.smsg
Info: Quartus Prime Fitter was successful. 0 errors, 3 warnings
    Info: Peak virtual memory: 5748 megabytes
    Info: Processing ended: Thu Apr 29 02:15:52 2021
    Info: Elapsed time: 00:00:30
    Info: Total CPU time (on all processors): 00:00:40
Info: *******************************************************************
Info: Running Quartus Prime Assembler
    Info: Version 20.1.0 Build 711 06/05/2020 SJ Standard Edition
    Info: Copyright (C) 2020  Intel Corporation. All rights reserved.
    Info: Your use of Intel Corporation's design tools, logic functions 
    Info: and other software and tools, and any partner logic 
    Info: functions, and any output files from any of the foregoing 
    Info: (including device programming or simulation files), and any 
    Info: associated documentation or information are expressly subject 
    Info: to the terms and conditions of the Intel Program License 
    Info: Subscription Agreement, the Intel Quartus Prime License Agreement,
    Info: the Intel FPGA IP License Agreement, or other applicable license
    Info: agreement, including, without limitation, that your use is for
    Info: the sole purpose of programming logic devices manufactured by
    Info: Intel and sold by Intel or its authorized distributors.  Please
    Info: refer to the applicable agreement for further details, at
    Info: https://fpgasoftware.intel.com/eula.
    Info: Processing started: Thu Apr 29 02:15:53 2021
Info: Command: quartus_asm --read_settings_files=on --write_settings_files=off toolflow -c toolflow
Info (125069): Default assignment values were changed in the current version of the Quartus Prime software -- changes to default assignments values are contained in file c:/intelfpga/20.1/quartus/bin64/assignment_defaults.qdf
Warning (18236): Number of processors has not been specified which may cause overloading on shared machines.  Set the global assignment NUM_PARALLEL_PROCESSORS in your QSF to an appropriate value for best performance.
Info (115031): Writing out detailed assembly data for power analysis
Info (115030): Assembler is generating device programming files
Info: Quartus Prime Assembler was successful. 0 errors, 1 warning
    Info: Peak virtual memory: 4711 megabytes
    Info: Processing ended: Thu Apr 29 02:15:56 2021
    Info: Elapsed time: 00:00:03
    Info: Total CPU time (on all processors): 00:00:03
